<?xml version="1.0" encoding="UTF-8"?>
<!-- Generated by org.testng.reporters.JUnitXMLReporter -->
<testsuite hostname="DESKTOP-TNNOMRP" ignored="0" name="Default test" tests="5" failures="0" timestamp="2021-05-09T23:48:07 IST" time="114.946" errors="0">
  <testcase name="filterProspectAccounts" time="13.051" classname="com.comcast.crm.organizationTest.searchOrganizationTest"/>
  <testcase name="searchOrganizationNameByOrgName" time="10.884" classname="com.comcast.crm.organizationTest.searchOrganizationTest"/>
  <testcase name="searchOrganizationNameByPhone" time="7.639" classname="com.comcast.crm.organizationTest.searchOrganizationTest"/>
  <testcase name="searchOrganizationNameByRating" time="7.846" classname="com.comcast.crm.organizationTest.searchOrganizationTest"/>
  <testcase name="searchOrganizationNameByWebsite" time="6.767" classname="com.comcast.crm.organizationTest.searchOrganizationTest"/>
</testsuite> <!-- Default test -->
